<?xml version="1.0" encoding="UTF-8"?>
<testng-results skipped="0" failed="0" total="1" passed="1">
  <reporter-output>
  </reporter-output>
  <suite name="example.NewTest" duration-ms="42865" started-at="2016-01-05T09:45:36Z" finished-at="2016-01-05T09:46:19Z">
    <groups>
    </groups>
    <test name="Command line test" duration-ms="42865" started-at="2016-01-05T09:45:36Z" finished-at="2016-01-05T09:46:19Z">
      <class name="example.NewTest">
        <test-method status="PASS" signature="beforeTest()[pri:0, instance:example.NewTest@2812cbfa]" name="beforeTest" is-config="true" duration-ms="13854" started-at="2016-01-05T15:15:36Z" finished-at="2016-01-05T15:15:50Z">
          <reporter-output>
          </reporter-output>
        </test-method> <!-- beforeTest -->
        <test-method status="PASS" signature="testEasy()[pri:0, instance:example.NewTest@2812cbfa]" name="testEasy" duration-ms="28208" started-at="2016-01-05T15:15:50Z" finished-at="2016-01-05T15:16:18Z">
          <reporter-output>
          </reporter-output>
        </test-method> <!-- testEasy -->
        <test-method status="PASS" signature="afterTest()[pri:0, instance:example.NewTest@2812cbfa]" name="afterTest" is-config="true" duration-ms="785" started-at="2016-01-05T15:16:18Z" finished-at="2016-01-05T15:16:19Z">
          <reporter-output>
          </reporter-output>
        </test-method> <!-- afterTest -->
      </class> <!-- example.NewTest -->
    </test> <!-- Command line test -->
  </suite> <!-- example.NewTest -->
</testng-results>
